<?xml version="1.0" encoding="UTF-8"?>
<!-- Generated by org.testng.reporters.JUnitXMLReporter -->
<testsuite ignored="4" hostname="DESKTOP-2NOPBE7" failures="0" tests="3" name="Smoke Testing" time="0.078" errors="0" timestamp="2020-04-02T15:24:25 CEST">
  <testcase classname="banka_test.BankaTest" name="testTransfer" time="0.009"/>
  <testcase classname="banka_test.BankaTest" name="testUplata" time="0.001"/>
  <testcase classname="banka_test.Account_Test" name="testNumber" time="0.028"/>
  <testcase classname="banka_test.Account_Test" name="testToString" time="0.0">
    <ignored/>
  </testcase> <!-- testToString -->
  <testcase classname="banka_test.Account_Test" name="testKonstruktor" time="0.0">
    <ignored/>
  </testcase> <!-- testKonstruktor -->
  <testcase classname="banka_test.BankaTest" name="testOpen" time="0.0">
    <ignored/>
  </testcase> <!-- testOpen -->
  <testcase classname="banka_test.Account_Test" name="testGetterSetter" time="0.0">
    <ignored/>
  </testcase> <!-- testGetterSetter -->
</testsuite> <!-- Smoke Testing -->
